[INFO] [2018-03-19 22:56:27][org.springframework.test.context.support.DefaultTestContextBootstrapper]Loaded default TestExecutionListener class names from location [META-INF/spring.factories]: [org.springframework.test.context.web.ServletTestExecutionListener, org.springframework.test.context.support.DirtiesContextBeforeModesTestExecutionListener, org.springframework.test.context.support.DependencyInjectionTestExecutionListener, org.springframework.test.context.support.DirtiesContextTestExecutionListener, org.springframework.test.context.transaction.TransactionalTestExecutionListener, org.springframework.test.context.jdbc.SqlScriptsTestExecutionListener]
 [INFO] [2018-03-19 22:56:27][org.springframework.test.context.support.DefaultTestContextBootstrapper]Using TestExecutionListeners: [org.springframework.test.context.web.ServletTestExecutionListener@47c62251, org.springframework.test.context.support.DirtiesContextBeforeModesTestExecutionListener@3e6fa38a, org.springframework.test.context.support.DependencyInjectionTestExecutionListener@66a3ffec, org.springframework.test.context.support.DirtiesContextTestExecutionListener@77caeb3e, org.springframework.test.context.transaction.TransactionalTestExecutionListener@1e88b3c, org.springframework.test.context.jdbc.SqlScriptsTestExecutionListener@42d80b78]
 [INFO] [2018-03-19 22:56:27][org.springframework.beans.factory.xml.XmlBeanDefinitionReader]Loading XML bean definitions from class path resource [spring.xml]
 [INFO] [2018-03-19 22:56:27][org.springframework.beans.factory.xml.XmlBeanDefinitionReader]Loading XML bean definitions from class path resource [spring-mybatis.xml]
 [INFO] [2018-03-19 22:56:27][org.springframework.context.support.GenericApplicationContext]Refreshing org.springframework.context.support.GenericApplicationContext@5383967b: startup date [Mon Mar 19 22:56:27 CST 2018]; root of context hierarchy
 [INFO] [2018-03-19 22:56:28][org.springframework.context.support.PropertySourcesPlaceholderConfigurer]Loading properties file from class path resource [config.properties]
 [INFO] [2018-03-19 22:56:29][com.alibaba.druid.pool.DruidDataSource]{dataSource-1} inited
 [INFO] [2018-03-19 22:56:30][org.springframework.context.support.GenericApplicationContext]Closing org.springframework.context.support.GenericApplicationContext@5383967b: startup date [Mon Mar 19 22:56:27 CST 2018]; root of context hierarchy
 [INFO] [2018-03-19 22:56:30][com.alibaba.druid.pool.DruidDataSource]{dataSource-1} closed
 [INFO] [2018-03-19 22:58:21][org.springframework.test.context.support.DefaultTestContextBootstrapper]Loaded default TestExecutionListener class names from location [META-INF/spring.factories]: [org.springframework.test.context.web.ServletTestExecutionListener, org.springframework.test.context.support.DirtiesContextBeforeModesTestExecutionListener, org.springframework.test.context.support.DependencyInjectionTestExecutionListener, org.springframework.test.context.support.DirtiesContextTestExecutionListener, org.springframework.test.context.transaction.TransactionalTestExecutionListener, org.springframework.test.context.jdbc.SqlScriptsTestExecutionListener]
 [INFO] [2018-03-19 22:58:21][org.springframework.test.context.support.DefaultTestContextBootstrapper]Using TestExecutionListeners: [org.springframework.test.context.web.ServletTestExecutionListener@47c62251, org.springframework.test.context.support.DirtiesContextBeforeModesTestExecutionListener@3e6fa38a, org.springframework.test.context.support.DependencyInjectionTestExecutionListener@66a3ffec, org.springframework.test.context.support.DirtiesContextTestExecutionListener@77caeb3e, org.springframework.test.context.transaction.TransactionalTestExecutionListener@1e88b3c, org.springframework.test.context.jdbc.SqlScriptsTestExecutionListener@42d80b78]
 [INFO] [2018-03-19 22:58:21][org.springframework.beans.factory.xml.XmlBeanDefinitionReader]Loading XML bean definitions from class path resource [spring.xml]
 [INFO] [2018-03-19 22:58:21][org.springframework.beans.factory.xml.XmlBeanDefinitionReader]Loading XML bean definitions from class path resource [spring-mybatis.xml]
 [INFO] [2018-03-19 22:58:22][org.springframework.context.support.GenericApplicationContext]Refreshing org.springframework.context.support.GenericApplicationContext@5383967b: startup date [Mon Mar 19 22:58:22 CST 2018]; root of context hierarchy
 [INFO] [2018-03-19 22:58:22][org.springframework.context.support.PropertySourcesPlaceholderConfigurer]Loading properties file from class path resource [config.properties]
 [INFO] [2018-03-19 22:58:23][com.alibaba.druid.pool.DruidDataSource]{dataSource-1} inited
 [INFO] [2018-03-19 22:58:23][org.springframework.context.support.GenericApplicationContext]Closing org.springframework.context.support.GenericApplicationContext@5383967b: startup date [Mon Mar 19 22:58:22 CST 2018]; root of context hierarchy
 [INFO] [2018-03-19 22:58:23][com.alibaba.druid.pool.DruidDataSource]{dataSource-1} closed
 [INFO] [2018-03-19 22:58:54][org.springframework.test.context.support.DefaultTestContextBootstrapper]Loaded default TestExecutionListener class names from location [META-INF/spring.factories]: [org.springframework.test.context.web.ServletTestExecutionListener, org.springframework.test.context.support.DirtiesContextBeforeModesTestExecutionListener, org.springframework.test.context.support.DependencyInjectionTestExecutionListener, org.springframework.test.context.support.DirtiesContextTestExecutionListener, org.springframework.test.context.transaction.TransactionalTestExecutionListener, org.springframework.test.context.jdbc.SqlScriptsTestExecutionListener]
 [INFO] [2018-03-19 22:58:54][org.springframework.test.context.support.DefaultTestContextBootstrapper]Using TestExecutionListeners: [org.springframework.test.context.web.ServletTestExecutionListener@47c62251, org.springframework.test.context.support.DirtiesContextBeforeModesTestExecutionListener@3e6fa38a, org.springframework.test.context.support.DependencyInjectionTestExecutionListener@66a3ffec, org.springframework.test.context.support.DirtiesContextTestExecutionListener@77caeb3e, org.springframework.test.context.transaction.TransactionalTestExecutionListener@1e88b3c, org.springframework.test.context.jdbc.SqlScriptsTestExecutionListener@42d80b78]
 [INFO] [2018-03-19 22:58:54][org.springframework.beans.factory.xml.XmlBeanDefinitionReader]Loading XML bean definitions from class path resource [spring.xml]
 [INFO] [2018-03-19 22:58:54][org.springframework.beans.factory.xml.XmlBeanDefinitionReader]Loading XML bean definitions from class path resource [spring-mybatis.xml]
 [INFO] [2018-03-19 22:58:54][org.springframework.context.support.GenericApplicationContext]Refreshing org.springframework.context.support.GenericApplicationContext@5383967b: startup date [Mon Mar 19 22:58:54 CST 2018]; root of context hierarchy
 [INFO] [2018-03-19 22:58:55][org.springframework.context.support.PropertySourcesPlaceholderConfigurer]Loading properties file from class path resource [config.properties]
 [INFO] [2018-03-19 22:58:56][com.alibaba.druid.pool.DruidDataSource]{dataSource-1} inited
 [INFO] [2018-03-19 22:58:56][org.springframework.context.support.GenericApplicationContext]Closing org.springframework.context.support.GenericApplicationContext@5383967b: startup date [Mon Mar 19 22:58:54 CST 2018]; root of context hierarchy
 [INFO] [2018-03-19 22:58:56][com.alibaba.druid.pool.DruidDataSource]{dataSource-1} closed
 [INFO] [2018-03-19 23:00:24][org.springframework.test.context.support.DefaultTestContextBootstrapper]Loaded default TestExecutionListener class names from location [META-INF/spring.factories]: [org.springframework.test.context.web.ServletTestExecutionListener, org.springframework.test.context.support.DirtiesContextBeforeModesTestExecutionListener, org.springframework.test.context.support.DependencyInjectionTestExecutionListener, org.springframework.test.context.support.DirtiesContextTestExecutionListener, org.springframework.test.context.transaction.TransactionalTestExecutionListener, org.springframework.test.context.jdbc.SqlScriptsTestExecutionListener]
 [INFO] [2018-03-19 23:00:24][org.springframework.test.context.support.DefaultTestContextBootstrapper]Using TestExecutionListeners: [org.springframework.test.context.web.ServletTestExecutionListener@47c62251, org.springframework.test.context.support.DirtiesContextBeforeModesTestExecutionListener@3e6fa38a, org.springframework.test.context.support.DependencyInjectionTestExecutionListener@66a3ffec, org.springframework.test.context.support.DirtiesContextTestExecutionListener@77caeb3e, org.springframework.test.context.transaction.TransactionalTestExecutionListener@1e88b3c, org.springframework.test.context.jdbc.SqlScriptsTestExecutionListener@42d80b78]
 [INFO] [2018-03-19 23:00:24][org.springframework.beans.factory.xml.XmlBeanDefinitionReader]Loading XML bean definitions from class path resource [spring.xml]
 [INFO] [2018-03-19 23:00:25][org.springframework.beans.factory.xml.XmlBeanDefinitionReader]Loading XML bean definitions from class path resource [spring-mybatis.xml]
 [INFO] [2018-03-19 23:00:25][org.springframework.context.support.GenericApplicationContext]Refreshing org.springframework.context.support.GenericApplicationContext@5383967b: startup date [Mon Mar 19 23:00:25 CST 2018]; root of context hierarchy
 [INFO] [2018-03-19 23:00:25][org.springframework.context.support.PropertySourcesPlaceholderConfigurer]Loading properties file from class path resource [config.properties]
 [INFO] [2018-03-19 23:00:26][com.alibaba.druid.pool.DruidDataSource]{dataSource-1} inited
 [INFO] [2018-03-19 23:00:26][org.springframework.context.support.GenericApplicationContext]Closing org.springframework.context.support.GenericApplicationContext@5383967b: startup date [Mon Mar 19 23:00:25 CST 2018]; root of context hierarchy
 [INFO] [2018-03-19 23:00:26][com.alibaba.druid.pool.DruidDataSource]{dataSource-1} closed
 